[debug] [2026-04-18T14:16:02.674Z] ----------------------------------------------------------------------
[debug] [2026-04-18T14:16:02.678Z] Command:       /home/zack/.nvm/versions/node/v20.10.0/bin/node /home/zack/.nvm/versions/node/v20.10.0/bin/firebase projects:list --json
[debug] [2026-04-18T14:16:02.678Z] CLI Version:   14.26.0
[debug] [2026-04-18T14:16:02.679Z] Platform:      linux
[debug] [2026-04-18T14:16:02.679Z] Node Version:  v20.10.0
[debug] [2026-04-18T14:16:02.679Z] Time:          Sat Apr 18 2026 09:16:02 GMT-0500 (Eastern Standard Time)
[debug] [2026-04-18T14:16:02.679Z] ----------------------------------------------------------------------
[debug] 
[debug] [2026-04-18T14:16:03.048Z] > command requires scopes: ["email","openid","https://www.googleapis.com/auth/cloudplatformprojects.readonly","https://www.googleapis.com/auth/firebase","https://www.googleapis.com/auth/cloud-platform"]
[debug] [2026-04-18T14:16:03.049Z] > authorizing via signed-in user (hackeranalytics0@gmail.com)
[debug] [2026-04-18T14:16:03.053Z] Checked if tokens are valid: false, expires at: 1776483592180
[debug] [2026-04-18T14:16:03.053Z] Checked if tokens are valid: false, expires at: 1776483592180
[debug] [2026-04-18T14:16:03.053Z] > refreshing access token with scopes: []
[debug] [2026-04-18T14:16:03.055Z] >>> [apiv2][query] POST https://www.googleapis.com/oauth2/v3/token [none]
[debug] [2026-04-18T14:16:03.055Z] >>> [apiv2][body] POST https://www.googleapis.com/oauth2/v3/token [omitted]
[debug] [2026-04-18T14:16:03.212Z] <<< [apiv2][status] POST https://www.googleapis.com/oauth2/v3/token 200
[debug] [2026-04-18T14:16:03.212Z] <<< [apiv2][body] POST https://www.googleapis.com/oauth2/v3/token [omitted]
[debug] [2026-04-18T14:16:03.219Z] >>> [apiv2][query] GET https://firebase.googleapis.com/v1beta1/projects pageSize=1000
[debug] [2026-04-18T14:16:03.594Z] <<< [apiv2][status] GET https://firebase.googleapis.com/v1beta1/projects 200
[debug] [2026-04-18T14:16:03.594Z] <<< [apiv2][body] GET https://firebase.googleapis.com/v1beta1/projects [omitted]
[info] ┌───────────────────────┬───────────────────────┬────────────────┬──────────────────────┐
│ Project Display Name  │ Project ID            │ Project Number │ Resource Location ID │
├───────────────────────┼───────────────────────┼────────────────┼──────────────────────┤
│ Affordable Pentesting │ affordable-pentesting │ 665596004115   │ [Not specified]      │
├───────────────────────┼───────────────────────┼────────────────┼──────────────────────┤
│ hosted-scanners       │ hosted-scanners       │ 1000494117510  │ [Not specified]      │
├───────────────────────┼───────────────────────┼────────────────┼──────────────────────┤
│ linkedincopilot       │ linkedincopilot       │ 733368840226   │ [Not specified]      │
├───────────────────────┼───────────────────────┼────────────────┼──────────────────────┤
│ MSP Pentesting        │ msp-pentesting        │ 249524633996   │ [Not specified]      │
├───────────────────────┼───────────────────────┼────────────────┼──────────────────────┤
│ VulnScanners          │ vulnscanners          │ 1007304566894  │ [Not specified]      │
└───────────────────────┴───────────────────────┴────────────────┴──────────────────────┘
[info] 
[info] 5 project(s) total.
[debug] [2026-04-18T14:16:03.645Z] Error: write EPIPE
    at afterWriteDispatched (node:internal/stream_base_commons:160:15)
    at writeGeneric (node:internal/stream_base_commons:151:3)
    at Socket._writeGeneric (node:net:952:11)
    at Socket._write (node:net:964:8)
    at writeOrBuffer (node:internal/streams/writable:556:12)
    at _write (node:internal/streams/writable:490:10)
    at Writable.write (node:internal/streams/writable:494:10)
    at /home/zack/.nvm/versions/node/v20.10.0/lib/node_modules/firebase-tools/lib/command.js:99:40
    at new Promise (<anonymous>)
    at /home/zack/.nvm/versions/node/v20.10.0/lib/node_modules/firebase-tools/lib/command.js:98:27
[error] 
[error] Error: An unexpected error has occurred.
